<testsuite name="deposit.Deposit and withdraw operations" tests="3" errors="0" failures="0" skipped="0" time="0.0" timestamp="2021-12-20T10:52:26.949082" hostname="Fenix-W10"><testcase classname="deposit.Deposit and withdraw operations" name="Increase funds after deposit" status="passed" time="0.0"><system-out>
<![CDATA[
@scenario.begin
  Scenario: Increase funds after deposit
    Given an account ... passed in 0.000s
    And the account have deposited 10.0 ... passed in 0.000s
    When a deposit of 10.0 is made ... passed in 0.000s
    Then the account should have available funds of 20.0 ... passed in 0.000s
    And the account should have held funds of 0.0 ... passed in 0.000s
    And the account should have total funds of 20.0 ... passed in 0.000s

@scenario.end
--------------------------------------------------------------------------------
]]>
</system-out></testcase><testcase classname="deposit.Deposit and withdraw operations" name="Withdraw money from account" status="passed" time="0.0"><system-out>
<![CDATA[
@scenario.begin
  Scenario: Withdraw money from account
    Given an account ... passed in 0.000s
    And the account have deposited 10.0 ... passed in 0.000s
    When a withdraw of 10.0 is made ... passed in 0.000s
    Then the account should have available funds of 0.0 ... passed in 0.000s
    And the account should have held funds of 0.0 ... passed in 0.000s
    And the account should have total funds of 0.0 ... passed in 0.000s

@scenario.end
--------------------------------------------------------------------------------
]]>
</system-out></testcase><testcase classname="deposit.Deposit and withdraw operations" name="Withdraw money from account without enough available funds" status="passed" time="0.0"><system-out>
<![CDATA[
@scenario.begin
  Scenario: Withdraw money from account without enough available funds
    Given an account ... passed in 0.000s
    And the account have deposited 10.0 ... passed in 0.000s
    When a withdraw of 20.0 is made ... passed in 0.000s
    Then the account should have available funds of 10.0 ... passed in 0.000s
    And the account should have held funds of 0.0 ... passed in 0.000s
    And the account should have total funds of 10.0 ... passed in 0.000s
    And a message should be displayed saying "Insufficient available funds" ... passed in 0.000s

@scenario.end
--------------------------------------------------------------------------------
]]>
</system-out></testcase></testsuite>